#
# A fatal error has been detected by the Java Runtime Environment:
#
#  EXCEPTION_ACCESS_VIOLATION (0xc0000005) at pc=0x000000005f8e8ad5, pid=968, tid=1708
#
# JRE version: Java(TM) SE Runtime Environment (8.0_73-b02) (build 1.8.0_73-b02)
# Java VM: Java HotSpot(TM) 64-Bit Server VM (25.73-b02 mixed mode windows-amd64 compressed oops)
# Problematic frame:
# V  [jvm.dll+0x128ad5]
#
# Failed to write core dump. Minidumps are not enabled by default on client versions of Windows
#
# If you would like to submit a bug report, please visit:
#   http://bugreport.java.com/bugreport/crash.jsp
#

---------------  T H R E A D  ---------------

Current thread (0x00000000178e7800):  JavaThread "JDWP Transport Listener: dt_socket" daemon [_thread_in_vm, id=1708, stack(0x0000000019290000,0x0000000019390000)]

siginfo: ExceptionCode=0xc0000005, reading address 0xffffffffffffffff

Registers:
RAX=0x000000001938f101, RBX=0x00000000178e7800, RCX=0x4c7373656363416d, RDX=0x0000000000000000
RSP=0x000000001938f190, RBP=0x4c7373656363416d, RSI=0x000000001938f2a8, RDI=0x0000000002a68380
R8 =0x00000000178e7800, R9 =0x0000000000000001, R10=0x0000000000008000, R11=0x000000001938f0e0
R12=0x0000000000000000, R13=0x00000000178f2258, R14=0x0000000000000000, R15=0x0000000000000000
RIP=0x000000005f8e8ad5, EFLAGS=0x0000000000010202

Top of Stack: (sp=0x000000001938f190)
0x000000001938f190:   00000000178e7800 00000000178e7800
0x000000001938f1a0:   000000001938f258 000000005faee34b
0x000000001938f1b0:   00000000178e7800 000000005fb0abad
0x000000001938f1c0:   0000000000000000 000000005f509155
0x000000001938f1d0:   000000001b16fef8 000000005f51291e
0x000000001938f1e0:   00000000178e7800 0000000000000000
0x000000001938f1f0:   0000000000000000 0000000000000000
0x000000001938f200:   4c7373656363416d 000000005f511a15
0x000000001938f210:   000000001938f2a8 000000001938f280
0x000000001938f220:   0000000000000001 000000001b16fef8
0x000000001938f230:   4c7373656363416d 000000005f4f53b3
0x000000001938f240:   000000001938f370 0000000000000001
0x000000001938f250:   0000000000000001 000000001b16fef8
0x000000001938f260:   0000000000000001 0000000000000000
0x000000001938f270:   0000000000000000 0000000000000000
0x000000001938f280:   0000000000000001 000000005f4f5571 

Instructions: (pc=0x000000005f8e8ad5)
0x000000005f8e8ab5:   cc cc cc cc cc cc cc cc cc cc cc 48 83 ec 28 48
0x000000005f8e8ac5:   85 c9 75 07 33 c0 48 83 c4 28 c3 48 89 5c 24 20
0x000000005f8e8ad5:   48 8b 19 48 85 db 74 20 48 83 fb 37 74 1a 48 8b
0x000000005f8e8ae5:   13 48 8b cb ff 52 10 84 c0 74 0d 48 8b c3 48 8b 


Register to memory mapping:

RAX=0x000000001938f101 is pointing into the stack for thread: 0x00000000178e7800
RBX=0x00000000178e7800 is a thread
RCX=0x4c7373656363416d is an unknown value
RDX=0x0000000000000000 is an unknown value
RSP=0x000000001938f190 is pointing into the stack for thread: 0x00000000178e7800
RBP=0x4c7373656363416d is an unknown value
RSI=0x000000001938f2a8 is pointing into the stack for thread: 0x00000000178e7800
RDI=0x0000000002a68380 is an unknown value
R8 =0x00000000178e7800 is a thread
R9 =0x0000000000000001 is an unknown value
R10=0x0000000000008000 is an unknown value
R11=0x000000001938f0e0 is pointing into the stack for thread: 0x00000000178e7800
R12=0x0000000000000000 is an unknown value
R13=0x00000000178f2258 is an unknown value
R14=0x0000000000000000 is an unknown value
R15=0x0000000000000000 is an unknown value


Stack: [0x0000000019290000,0x0000000019390000],  sp=0x000000001938f190,  free space=1020k
Native frames: (J=compiled Java code, j=interpreted, Vv=VM code, C=native code)
V  [jvm.dll+0x128ad5]
V  [jvm.dll+0x34abad]
C  [jdwp.dll+0x21a15]
C  [jdwp.dll+0x53b3]
C  [jdwp.dll+0x5571]
C  [jdwp.dll+0xf0a8]
C  [jdwp.dll+0x1f2d5]
C  [jdwp.dll+0x1f4aa]
V  [jvm.dll+0x1bbb58]
V  [jvm.dll+0x243234]
V  [jvm.dll+0x29a10a]
C  [msvcr100.dll+0x21d9f]
C  [msvcr100.dll+0x21e3b]
C  [KERNEL32.DLL+0x17bd4]
C  [ntdll.dll+0x6ce71]


---------------  P R O C E S S  ---------------

Java Threads: ( => current thread )
  0x000000001f3d8800 JavaThread "DestroyJavaVM" [_thread_blocked, id=11064, stack(0x0000000002b70000,0x0000000002c70000)]
  0x000000001a9fb000 JavaThread "http-nio-8102-AsyncTimeout" daemon [_thread_blocked, id=1444, stack(0x0000000025060000,0x0000000025160000)]
  0x000000001a9fa800 JavaThread "http-nio-8102-Acceptor-0" daemon [_thread_in_native, id=12180, stack(0x0000000024f60000,0x0000000025060000)]
  0x000000001a9f9800 JavaThread "http-nio-8102-ClientPoller-1" daemon [_thread_in_native, id=11432, stack(0x0000000024e60000,0x0000000024f60000)]
  0x000000001a9f9000 JavaThread "http-nio-8102-ClientPoller-0" daemon [_thread_in_native, id=5328, stack(0x0000000024d60000,0x0000000024e60000)]
  0x000000001a9f7800 JavaThread "http-nio-8102-exec-10" daemon [_thread_blocked, id=384, stack(0x0000000024b60000,0x0000000024c60000)]
  0x000000001a9fe000 JavaThread "http-nio-8102-exec-9" daemon [_thread_blocked, id=6992, stack(0x0000000024a60000,0x0000000024b60000)]
  0x000000001a9f8000 JavaThread "http-nio-8102-exec-8" daemon [_thread_blocked, id=216, stack(0x0000000024960000,0x0000000024a60000)]
  0x000000001a9fd800 JavaThread "http-nio-8102-exec-7" daemon [_thread_blocked, id=2608, stack(0x0000000024860000,0x0000000024960000)]
  0x000000001a9fc800 JavaThread "http-nio-8102-exec-6" daemon [_thread_blocked, id=11308, stack(0x0000000024760000,0x0000000024860000)]
  0x000000001a9fc000 JavaThread "http-nio-8102-exec-5" daemon [_thread_blocked, id=10984, stack(0x0000000024660000,0x0000000024760000)]
  0x0000000021760800 JavaThread "http-nio-8102-exec-4" daemon [_thread_blocked, id=11668, stack(0x0000000024560000,0x0000000024660000)]
  0x000000001a6b3000 JavaThread "http-nio-8102-exec-3" daemon [_thread_blocked, id=2968, stack(0x0000000024460000,0x0000000024560000)]
  0x000000001aee8000 JavaThread "http-nio-8102-exec-2" daemon [_thread_blocked, id=8564, stack(0x0000000024360000,0x0000000024460000)]
  0x000000001b214000 JavaThread "http-nio-8102-exec-1" daemon [_thread_blocked, id=7492, stack(0x0000000024260000,0x0000000024360000)]
  0x000000001cc59800 JavaThread "NioBlockingSelector.BlockPoller-1" daemon [_thread_in_native, id=11444, stack(0x0000000024160000,0x0000000024260000)]
  0x000000001bf55000 JavaThread "pool-2-thread-1" daemon [_thread_blocked, id=11056, stack(0x0000000020f20000,0x0000000021020000)]
  0x000000001a1a7000 JavaThread "cluster-ClusterId{value='5d55045f0ff70903c806069b', description='null'}-localhost:27017" daemon [_thread_blocked, id=11396, stack(0x000000001fc10000,0x000000001fd10000)]
  0x000000001f145800 JavaThread "container-0" [_thread_blocked, id=10304, stack(0x000000001e740000,0x000000001e840000)]
  0x0000000019bda000 JavaThread "ContainerBackgroundProcessor[StandardEngine[Tomcat]]" daemon [_thread_blocked, id=11924, stack(0x000000001e640000,0x000000001e740000)]
  0x000000001793e800 JavaThread "Service Thread" daemon [_thread_blocked, id=4248, stack(0x0000000019c90000,0x0000000019d90000)]
  0x0000000017910000 JavaThread "C1 CompilerThread2" daemon [_thread_blocked, id=10348, stack(0x0000000019790000,0x0000000019890000)]
  0x000000001790d000 JavaThread "C2 CompilerThread1" daemon [_thread_blocked, id=1084, stack(0x0000000019690000,0x0000000019790000)]
  0x000000001790a800 JavaThread "C2 CompilerThread0" daemon [_thread_blocked, id=5804, stack(0x0000000019590000,0x0000000019690000)]
  0x00000000178fa800 JavaThread "JDWP Command Reader" daemon [_thread_in_native, id=2856, stack(0x0000000019490000,0x0000000019590000)]
  0x00000000178f7000 JavaThread "JDWP Event Helper Thread" daemon [_thread_blocked, id=7140, stack(0x0000000019390000,0x0000000019490000)]
=>0x00000000178e7800 JavaThread "JDWP Transport Listener: dt_socket" daemon [_thread_in_vm, id=1708, stack(0x0000000019290000,0x0000000019390000)]
  0x00000000178df000 JavaThread "Attach Listener" daemon [_thread_blocked, id=4164, stack(0x0000000018e50000,0x0000000018f50000)]
  0x00000000178de000 JavaThread "Signal Dispatcher" daemon [_thread_blocked, id=616, stack(0x0000000018d50000,0x0000000018e50000)]
  0x0000000002d68800 JavaThread "Finalizer" daemon [_thread_blocked, id=6480, stack(0x0000000018b50000,0x0000000018c50000)]
  0x0000000002d60000 JavaThread "Reference Handler" daemon [_thread_blocked, id=11816, stack(0x0000000018a50000,0x0000000018b50000)]

Other Threads:
  0x00000000178a7800 VMThread [stack: 0x0000000018950000,0x0000000018a50000] [id=9184]
  0x0000000019901000 WatcherThread [stack: 0x0000000019d90000,0x0000000019e90000] [id=1560]

VM state:not at safepoint (normal execution)

VM Mutex/Monitor currently owned by a thread: None

Heap:
 PSYoungGen      total 109056K, used 14625K [0x00000000d5c00000, 0x00000000e0480000, 0x0000000100000000)
  eden space 95232K, 15% used [0x00000000d5c00000,0x00000000d6a48518,0x00000000db900000)
  from space 13824K, 0% used [0x00000000db900000,0x00000000db900000,0x00000000dc680000)
  to   space 15872K, 0% used [0x00000000df500000,0x00000000df500000,0x00000000e0480000)
 ParOldGen       total 105984K, used 20942K [0x0000000081400000, 0x0000000087b80000, 0x00000000d5c00000)
  object space 105984K, 19% used [0x0000000081400000,0x0000000082873bf8,0x0000000087b80000)
 Metaspace       used 37371K, capacity 37732K, committed 37888K, reserved 1083392K
  class space    used 4751K, capacity 4844K, committed 4864K, reserved 1048576K

Card table byte_map: [0x0000000012130000,0x0000000012530000] byte_map_base: 0x0000000011d26000

Marking Bits: (ParMarkBitMap*) 0x000000005ffd0600
 Begin Bits: [0x0000000012be0000, 0x0000000014b90000)
 End Bits:   [0x0000000014b90000, 0x0000000016b40000)

Polling page: 0x00000000009f0000

CodeCache: size=245760Kb used=12383Kb max_used=12457Kb free=233376Kb
 bounds [0x0000000002d70000, 0x00000000039f0000, 0x0000000011d70000]
 total_blobs=3709 nmethods=3299 adapters=330
 compilation: enabled

Compilation events (10 events):
Event: 855.110 Thread 0x0000000017910000 3862   !   3       java.util.AbstractSet::equals (48 bytes)
Event: 855.110 Thread 0x0000000017910000 nmethod 3862 0x0000000003294a90 code [0x0000000003294c40, 0x0000000003295348]
Event: 865.111 Thread 0x0000000017910000 3863       3       org.bson.io.OutputBuffer::writeCharacters (273 bytes)
Event: 865.115 Thread 0x0000000017910000 nmethod 3863 0x00000000032909d0 code [0x0000000003290da0, 0x00000000032935f8]
Event: 865.115 Thread 0x0000000017910000 3865       3       java.util.Collections$UnmodifiableSet::equals (24 bytes)
Event: 865.116 Thread 0x0000000017910000 nmethod 3865 0x00000000032904d0 code [0x0000000003290640, 0x0000000003290908]
Event: 865.116 Thread 0x0000000017910000 3864  s    3       java.util.Stack::peek (25 bytes)
Event: 865.116 Thread 0x0000000017910000 nmethod 3864 0x000000000328fa90 code [0x000000000328fc20, 0x00000000032902d8]
Event: 905.117 Thread 0x000000001790d000 3866       4       com.mongodb.connection.ByteBufferBsonOutput::writeByte (27 bytes)
Event: 905.122 Thread 0x000000001790d000 nmethod 3866 0x0000000003700190 code [0x0000000003700340, 0x0000000003700a58]

GC Heap History (10 events):
Event: 2.388 GC heap before
{Heap before GC invocations=5 (full 1):
 PSYoungGen      total 71680K, used 5104K [0x00000000d5c00000, 0x00000000da700000, 0x0000000100000000)
  eden space 66560K, 0% used [0x00000000d5c00000,0x00000000d5c00000,0x00000000d9d00000)
  from space 5120K, 99% used [0x00000000da200000,0x00000000da6fc148,0x00000000da700000)
  to   space 5120K, 0% used [0x00000000d9d00000,0x00000000d9d00000,0x00000000da200000)
 ParOldGen       total 87552K, used 6746K [0x0000000081400000, 0x0000000086980000, 0x00000000d5c00000)
  object space 87552K, 7% used [0x0000000081400000,0x0000000081a96990,0x0000000086980000)
 Metaspace       used 20950K, capacity 21154K, committed 21296K, reserved 1069056K
  class space    used 2554K, capacity 2630K, committed 2688K, reserved 1048576K
Event: 2.426 GC heap after
Heap after GC invocations=5 (full 1):
 PSYoungGen      total 71680K, used 0K [0x00000000d5c00000, 0x00000000da700000, 0x0000000100000000)
  eden space 66560K, 0% used [0x00000000d5c00000,0x00000000d5c00000,0x00000000d9d00000)
  from space 5120K, 0% used [0x00000000da200000,0x00000000da200000,0x00000000da700000)
  to   space 5120K, 0% used [0x00000000d9d00000,0x00000000d9d00000,0x00000000da200000)
 ParOldGen       total 60928K, used 7729K [0x0000000081400000, 0x0000000084f80000, 0x00000000d5c00000)
  object space 60928K, 12% used [0x0000000081400000,0x0000000081b8c680,0x0000000084f80000)
 Metaspace       used 20950K, capacity 21154K, committed 21296K, reserved 1069056K
  class space    used 2554K, capacity 2630K, committed 2688K, reserved 1048576K
}
Event: 4.087 GC heap before
{Heap before GC invocations=6 (full 1):
 PSYoungGen      total 71680K, used 66560K [0x00000000d5c00000, 0x00000000da700000, 0x0000000100000000)
  eden space 66560K, 100% used [0x00000000d5c00000,0x00000000d9d00000,0x00000000d9d00000)
  from space 5120K, 0% used [0x00000000da200000,0x00000000da200000,0x00000000da700000)
  to   space 5120K, 0% used [0x00000000d9d00000,0x00000000d9d00000,0x00000000da200000)
 ParOldGen       total 60928K, used 7729K [0x0000000081400000, 0x0000000084f80000, 0x00000000d5c00000)
  object space 60928K, 12% used [0x0000000081400000,0x0000000081b8c680,0x0000000084f80000)
 Metaspace       used 26964K, capacity 27258K, committed 27520K, reserved 1073152K
  class space    used 3303K, capacity 3402K, committed 3456K, reserved 1048576K
Event: 4.099 GC heap after
Heap after GC invocations=6 (full 1):
 PSYoungGen      total 71680K, used 5117K [0x00000000d5c00000, 0x00000000dd100000, 0x0000000100000000)
  eden space 66560K, 0% used [0x00000000d5c00000,0x00000000d5c00000,0x00000000d9d00000)
  from space 5120K, 99% used [0x00000000d9d00000,0x00000000da1ff4d0,0x00000000da200000)
  to   space 10752K, 0% used [0x00000000dc680000,0x00000000dc680000,0x00000000dd100000)
 ParOldGen       total 60928K, used 13168K [0x0000000081400000, 0x0000000084f80000, 0x00000000d5c00000)
  object space 60928K, 21% used [0x0000000081400000,0x00000000820dc040,0x0000000084f80000)
 Metaspace       used 26964K, capacity 27258K, committed 27520K, reserved 1073152K
  class space    used 3303K, capacity 3402K, committed 3456K, reserved 1048576K
}
Event: 5.554 GC heap before
{Heap before GC invocations=7 (full 1):
 PSYoungGen      total 71680K, used 71677K [0x00000000d5c00000, 0x00000000dd100000, 0x0000000100000000)
  eden space 66560K, 100% used [0x00000000d5c00000,0x00000000d9d00000,0x00000000d9d00000)
  from space 5120K, 99% used [0x00000000d9d00000,0x00000000da1ff4d0,0x00000000da200000)
  to   space 10752K, 0% used [0x00000000dc680000,0x00000000dc680000,0x00000000dd100000)
 ParOldGen       total 60928K, used 13168K [0x0000000081400000, 0x0000000084f80000, 0x00000000d5c00000)
  object space 60928K, 21% used [0x0000000081400000,0x00000000820dc040,0x0000000084f80000)
 Metaspace       used 32970K, capacity 33352K, committed 33792K, reserved 1079296K
  class space    used 4162K, capacity 4262K, committed 4352K, reserved 1048576K
Event: 5.568 GC heap after
Heap after GC invocations=7 (full 1):
 PSYoungGen      total 105984K, used 10737K [0x00000000d5c00000, 0x00000000dd580000, 0x0000000100000000)
  eden space 95232K, 0% used [0x00000000d5c00000,0x00000000d5c00000,0x00000000db900000)
  from space 10752K, 99% used [0x00000000dc680000,0x00000000dd0fc7b8,0x00000000dd100000)
  to   space 13824K, 0% used [0x00000000db900000,0x00000000db900000,0x00000000dc680000)
 ParOldGen       total 60928K, used 15723K [0x0000000081400000, 0x0000000084f80000, 0x00000000d5c00000)
  object space 60928K, 25% used [0x0000000081400000,0x000000008235ac48,0x0000000084f80000)
 Metaspace       used 32970K, capacity 33352K, committed 33792K, reserved 1079296K
  class space    used 4162K, capacity 4262K, committed 4352K, reserved 1048576K
}
Event: 6.831 GC heap before
{Heap before GC invocations=8 (full 1):
 PSYoungGen      total 105984K, used 83814K [0x00000000d5c00000, 0x00000000dd580000, 0x0000000100000000)
  eden space 95232K, 76% used [0x00000000d5c00000,0x00000000da35d140,0x00000000db900000)
  from space 10752K, 99% used [0x00000000dc680000,0x00000000dd0fc7b8,0x00000000dd100000)
  to   space 13824K, 0% used [0x00000000db900000,0x00000000db900000,0x00000000dc680000)
 ParOldGen       total 60928K, used 15723K [0x0000000081400000, 0x0000000084f80000, 0x00000000d5c00000)
  object space 60928K, 25% used [0x0000000081400000,0x000000008235ac48,0x0000000084f80000)
 Metaspace       used 34853K, capacity 35226K, committed 35496K, reserved 1081344K
  class space    used 4404K, capacity 4521K, committed 4608K, reserved 1048576K
Event: 6.854 GC heap after
Heap after GC invocations=8 (full 1):
 PSYoungGen      total 109056K, used 13816K [0x00000000d5c00000, 0x00000000e0480000, 0x0000000100000000)
  eden space 95232K, 0% used [0x00000000d5c00000,0x00000000d5c00000,0x00000000db900000)
  from space 13824K, 99% used [0x00000000db900000,0x00000000dc67e058,0x00000000dc680000)
  to   space 15872K, 0% used [0x00000000df500000,0x00000000df500000,0x00000000e0480000)
 ParOldGen       total 60928K, used 16195K [0x0000000081400000, 0x0000000084f80000, 0x00000000d5c00000)
  object space 60928K, 26% used [0x0000000081400000,0x00000000823d0d60,0x0000000084f80000)
 Metaspace       used 34853K, capacity 35226K, committed 35496K, reserved 1081344K
  class space    used 4404K, capacity 4521K, committed 4608K, reserved 1048576K
}
Event: 6.854 GC heap before
{Heap before GC invocations=9 (full 2):
 PSYoungGen      total 109056K, used 13816K [0x00000000d5c00000, 0x00000000e0480000, 0x0000000100000000)
  eden space 95232K, 0% used [0x00000000d5c00000,0x00000000d5c00000,0x00000000db900000)
  from space 13824K, 99% used [0x00000000db900000,0x00000000dc67e058,0x00000000dc680000)
  to   space 15872K, 0% used [0x00000000df500000,0x00000000df500000,0x00000000e0480000)
 ParOldGen       total 60928K, used 16195K [0x0000000081400000, 0x0000000084f80000, 0x00000000d5c00000)
  object space 60928K, 26% used [0x0000000081400000,0x00000000823d0d60,0x0000000084f80000)
 Metaspace       used 34853K, capacity 35226K, committed 35496K, reserved 1081344K
  class space    used 4404K, capacity 4521K, committed 4608K, reserved 1048576K
Event: 6.971 GC heap after
Heap after GC invocations=9 (full 2):
 PSYoungGen      total 109056K, used 0K [0x00000000d5c00000, 0x00000000e0480000, 0x0000000100000000)
  eden space 95232K, 0% used [0x00000000d5c00000,0x00000000d5c00000,0x00000000db900000)
  from space 13824K, 0% used [0x00000000db900000,0x00000000db900000,0x00000000dc680000)
  to   space 15872K, 0% used [0x00000000df500000,0x00000000df500000,0x00000000e0480000)
 ParOldGen       total 105984K, used 20942K [0x0000000081400000, 0x0000000087b80000, 0x00000000d5c00000)
  object space 105984K, 19% used [0x0000000081400000,0x0000000082873bf8,0x0000000087b80000)
 Metaspace       used 34853K, capacity 35226K, committed 35496K, reserved 1081344K
  class space    used 4404K, capacity 4521K, committed 4608K, reserved 1048576K
}

Deoptimization events (10 events):
Event: 12.375 Thread 0x000000001a9fd800 Uncommon trap: reason=unhandled action=none pc=0x0000000002f23ad0 method=java.net.URLClassLoader.findClass(Ljava/lang/String;)Ljava/lang/Class; @ 44
Event: 12.408 Thread 0x000000001a9fd800 Uncommon trap: reason=unhandled action=none pc=0x0000000002f23ad0 method=java.net.URLClassLoader.findClass(Ljava/lang/String;)Ljava/lang/Class; @ 44
Event: 12.408 Thread 0x000000001a9fd800 Uncommon trap: reason=unhandled action=none pc=0x00000000037eb4d4 method=java.net.URLClassLoader.findClass(Ljava/lang/String;)Ljava/lang/Class; @ 44
Event: 12.411 Thread 0x000000001a9fd800 Uncommon trap: reason=range_check action=none pc=0x0000000002f7b9dc method=sun.reflect.generics.parser.SignatureParser.current()C @ 34
Event: 12.420 Thread 0x000000001a9fd800 Uncommon trap: reason=bimorphic action=maybe_recompile pc=0x0000000003166880 method=java.util.AbstractList$Itr.next()Ljava/lang/Object; @ 14
Event: 12.420 Thread 0x000000001a9fd800 Uncommon trap: reason=bimorphic action=maybe_recompile pc=0x0000000003166880 method=java.util.AbstractList$Itr.next()Ljava/lang/Object; @ 14
Event: 12.420 Thread 0x000000001a9fd800 Uncommon trap: reason=bimorphic action=maybe_recompile pc=0x0000000003166880 method=java.util.AbstractList$Itr.next()Ljava/lang/Object; @ 14
Event: 12.420 Thread 0x000000001a9fd800 Uncommon trap: reason=bimorphic action=maybe_recompile pc=0x0000000003166880 method=java.util.AbstractList$Itr.next()Ljava/lang/Object; @ 14
Event: 34.389 Thread 0x0000000019bda000 Uncommon trap: reason=unhandled action=none pc=0x0000000002f23ad0 method=java.net.URLClassLoader.findClass(Ljava/lang/String;)Ljava/lang/Class; @ 44
Event: 34.390 Thread 0x0000000019bda000 Uncommon trap: reason=unhandled action=none pc=0x0000000002f23ad0 method=java.net.URLClassLoader.findClass(Ljava/lang/String;)Ljava/lang/Class; @ 44

Internal exceptions (10 events):
Event: 12.310 Thread 0x000000001a9fd800 Exception <a 'java/lang/ClassNotFoundException': org/springframework/web/servlet/support/AbstractFlashMapManagerCustomizer> (0x00000000d6493938) thrown at [D:\re\puppet\workspace\8-2-build-windows-amd64-cygwin\jdk8u73\6086\hotspot\src\share\vm\classfile\sy•ûÓüçŸ(@
Event: 12.312 Thread 0x000000001a9fd800 Exception <a 'java/lang/ClassNotFoundException': org/springframework/web/servlet/support/SessionFlashMapManagerCustomizer> (0x00000000d64ac488) thrown at [D:\re\puppet\workspace\8-2-build-windows-amd64-cygwin\jdk8u73\6086\hotspot\src\share\vm\classfile\sysï¨Ögs¡(@
Event: 12.315 Thread 0x000000001a9fd800 Exception <a 'java/lang/ClassNotFoundException': org/springframework/web/servlet/FlashMapManagerCustomizer> (0x00000000d64be068) thrown at [D:\re\puppet\workspace\8-2-build-windows-amd64-cygwin\jdk8u73\6086\hotspot\src\share\vm\classfile\systemDictionary.cþ’ùì%º(@
Event: 12.364 Thread 0x000000001a9fd800 Implicit null exception at 0x0000000003980f9a to 0x0000000003994e1d
Event: 12.377 Thread 0x000000001a9fd800 Exception <a 'java/lang/ClassNotFoundException': com/sun/org/glassfish/hk2/osgiresourcelocator/ServiceLoader> (0x00000000d6665528) thrown at [D:\re\puppet\workspace\8-2-build-windows-amd64-cygwin\jdk8u73\6086\hotspot\src\share\vm\classfile\systemDictionarye	!ÖÅ(@
Event: 12.386 Thread 0x000000001a9fd800 Exception <a 'java/lang/NullPointerException'> (0x00000000d66710f8) thrown at [D:\re\puppet\workspace\8-2-build-windows-amd64-cygwin\jdk8u73\6086\hotspot\src\share\vm\interpreter\linkResolver.cpp, line 1280]
Event: 12.410 Thread 0x000000001a9fd800 Exception <a 'java/lang/ClassNotFoundException': com/fasterxml/jackson/annotation/JsonProperty> (0x00000000d6687e48) thrown at [D:\re\puppet\workspace\8-2-build-windows-amd64-cygwin\jdk8u73\6086\hotspot\src\share\vm\classfile\systemDictionary.cpp, line 210XM|ZêÑ(@
Event: 12.410 Thread 0x000000001a9fd800 Exception <a 'java/lang/ClassNotFoundException': org/springframework/data/annotation/Id> (0x00000000d66884b0) thrown at [D:\re\puppet\workspace\8-2-build-windows-amd64-cygwin\jdk8u73\6086\hotspot\src\share\vm\classfile\systemDictionary.cpp, line 210]
Event: 12.411 Thread 0x000000001a9fd800 Exception <a 'java/lang/ArrayIndexOutOfBoundsException': 60> (0x00000000d6689c90) thrown at [D:\re\puppet\workspace\8-2-build-windows-amd64-cygwin\jdk8u73\6086\hotspot\src\share\vm\interpreter\interpreterRuntime.cpp, line 366]
Event: 15.749 Thread 0x000000001a9fd800 Exception <a 'java/io/FileNotFoundException'> (0x00000000d66f62e0) thrown at [D:\re\puppet\workspace\8-2-build-windows-amd64-cygwin\jdk8u73\6086\hotspot\src\share\vm\prims\jni.cpp, line 709]

Events (10 events):
Event: 635.068 Thread 0x0000000017910000 flushing nmethod 0x0000000003887650
Event: 635.068 Thread 0x0000000017910000 flushing nmethod 0x0000000003888550
Event: 795.754 Executing VM operation: RedefineClasses
Event: 795.782 Executing VM operation: RedefineClasses done
Event: 924.607 Executing VM operation: GetOrSetLocal
Event: 924.608 Executing VM operation: GetOrSetLocal done
Event: 955.698 Executing VM operation: ChangeBreakpoints
Event: 955.698 Executing VM operation: ChangeBreakpoints done
Event: 955.764 Executing VM operation: RedefineClasses
Event: 955.790 Executing VM operation: RedefineClasses done


Dynamic libraries:
0x00007ff711950000 - 0x00007ff711987000 	C:\Program Files\Java\jre1.8.0_73\bin\javaw.exe
0x00007ffc8ef60000 - 0x00007ffc8f150000 	C:\Windows\SYSTEM32\ntdll.dll
0x00007ffc8d180000 - 0x00007ffc8d232000 	C:\Windows\System32\KERNEL32.DLL
0x00007ffc8c790000 - 0x00007ffc8ca33000 	C:\Windows\System32\KERNELBASE.dll
0x00007ffc8d0d0000 - 0x00007ffc8d173000 	C:\Windows\System32\ADVAPI32.dll
0x00007ffc8d3c0000 - 0x00007ffc8d45e000 	C:\Windows\System32\msvcrt.dll
0x00007ffc8e1e0000 - 0x00007ffc8e277000 	C:\Windows\System32\sechost.dll
0x00007ffc8dd50000 - 0x00007ffc8de70000 	C:\Windows\System32\RPCRT4.dll
0x00007ffc8d610000 - 0x00007ffc8d7a3000 	C:\Windows\System32\USER32.dll
0x00007ffc8cce0000 - 0x00007ffc8cd01000 	C:\Windows\System32\win32u.dll
0x00007ffc8d840000 - 0x00007ffc8d866000 	C:\Windows\System32\GDI32.dll
0x00007ffc8cd70000 - 0x00007ffc8cf04000 	C:\Windows\System32\gdi32full.dll
0x00007ffc8c6f0000 - 0x00007ffc8c78e000 	C:\Windows\System32\msvcp_win.dll
0x00007ffc8cf10000 - 0x00007ffc8d00a000 	C:\Windows\System32\ucrtbase.dll
0x00007ffc7df40000 - 0x00007ffc7e1c5000 	C:\Windows\WinSxS\amd64_microsoft.windows.common-controls_6595b64144ccf1df_6.0.18362.295_none_e6c3acbd13101292\COMCTL32.dll
0x00007ffc8d870000 - 0x00007ffc8dba6000 	C:\Windows\System32\combase.dll
0x00007ffc8bef0000 - 0x00007ffc8bf70000 	C:\Windows\System32\bcryptPrimitives.dll
0x00007ffc8d460000 - 0x00007ffc8d48e000 	C:\Windows\System32\IMM32.DLL
0x000000005f530000 - 0x000000005f602000 	C:\Program Files\Java\jre1.8.0_73\bin\msvcr100.dll
0x000000005f7c0000 - 0x0000000060050000 	C:\Program Files\Java\jre1.8.0_73\bin\server\jvm.dll
0x00007ffc8d830000 - 0x00007ffc8d838000 	C:\Windows\System32\PSAPI.DLL
0x00007ffc89f70000 - 0x00007ffc89f94000 	C:\Windows\SYSTEM32\WINMM.dll
0x00007ffc7f860000 - 0x00007ffc7f869000 	C:\Windows\SYSTEM32\WSOCK32.dll
0x00007ffc82450000 - 0x00007ffc8245a000 	C:\Windows\SYSTEM32\VERSION.dll
0x00007ffc89f40000 - 0x00007ffc89f6d000 	C:\Windows\SYSTEM32\winmmbase.dll
0x00007ffc8cbe0000 - 0x00007ffc8cc2a000 	C:\Windows\System32\cfgmgr32.dll
0x00007ffc8def0000 - 0x00007ffc8df5f000 	C:\Windows\System32\ws2_32.DLL
0x000000005f6d0000 - 0x000000005f6df000 	C:\Program Files\Java\jre1.8.0_73\bin\verify.dll
0x000000005f6a0000 - 0x000000005f6c9000 	C:\Program Files\Java\jre1.8.0_73\bin\java.dll
0x000000005f4f0000 - 0x000000005f525000 	C:\Program Files\Java\jre1.8.0_73\bin\jdwp.dll
0x000000005f4e0000 - 0x000000005f4e8000 	C:\Program Files\Java\jre1.8.0_73\bin\npt.dll
0x000000005f680000 - 0x000000005f696000 	C:\Program Files\Java\jre1.8.0_73\bin\zip.dll
0x00007ffc8e830000 - 0x00007ffc8ef12000 	C:\Windows\System32\SHELL32.dll
0x00007ffc8d490000 - 0x00007ffc8d539000 	C:\Windows\System32\shcore.dll
0x00007ffc8bf70000 - 0x00007ffc8c6ec000 	C:\Windows\System32\windows.storage.dll
0x00007ffc8be90000 - 0x00007ffc8beaf000 	C:\Windows\System32\profapi.dll
0x00007ffc8be40000 - 0x00007ffc8be8a000 	C:\Windows\System32\powrprof.dll
0x00007ffc8be30000 - 0x00007ffc8be40000 	C:\Windows\System32\UMPDC.dll
0x00007ffc8d5b0000 - 0x00007ffc8d602000 	C:\Windows\System32\shlwapi.dll
0x00007ffc8beb0000 - 0x00007ffc8bec1000 	C:\Windows\System32\kernel.appcore.dll
0x00007ffc8cbc0000 - 0x00007ffc8cbd7000 	C:\Windows\System32\cryptsp.dll
0x000000005f4d0000 - 0x000000005f4d9000 	C:\Program Files\Java\jre1.8.0_73\bin\dt_socket.dll
0x00007ffc7c190000 - 0x00007ffc7c1a6000 	C:\Windows\system32\napinsp.dll
0x00007ffc7c170000 - 0x00007ffc7c18a000 	C:\Windows\system32\pnrpnsp.dll
0x00007ffc8b640000 - 0x00007ffc8b6a7000 	C:\Windows\System32\mswsock.dll
0x00007ffc8b390000 - 0x00007ffc8b45a000 	C:\Windows\SYSTEM32\DNSAPI.dll
0x00007ffc8d0c0000 - 0x00007ffc8d0c8000 	C:\Windows\System32\NSI.dll
0x00007ffc8b350000 - 0x00007ffc8b38a000 	C:\Windows\SYSTEM32\IPHLPAPI.DLL
0x00007ffc7ecb0000 - 0x00007ffc7ecbe000 	C:\Windows\System32\winrnr.dll
0x00007ffc886d0000 - 0x00007ffc886ec000 	C:\Windows\system32\NLAapi.dll
0x00007ffc7c150000 - 0x00007ffc7c165000 	C:\Windows\system32\wshbth.dll
0x00007ffc88050000 - 0x00007ffc880c7000 	C:\Windows\System32\fwpuclnt.dll
0x00007ffc8ca40000 - 0x00007ffc8ca66000 	C:\Windows\System32\bcrypt.dll
0x00007ffc82160000 - 0x00007ffc8216a000 	C:\Windows\System32\rasadhlp.dll
0x000000005f4c0000 - 0x000000005f4cd000 	C:\Program Files\Java\jre1.8.0_73\bin\management.dll
0x000000005f660000 - 0x000000005f67a000 	C:\Program Files\Java\jre1.8.0_73\bin\net.dll
0x000000005f640000 - 0x000000005f651000 	C:\Program Files\Java\jre1.8.0_73\bin\nio.dll
0x00007ffc8b1b0000 - 0x00007ffc8b1e3000 	C:\Windows\system32\rsaenh.dll
0x00007ffc8bd50000 - 0x00007ffc8bd75000 	C:\Windows\SYSTEM32\USERENV.dll
0x00007ffc8b810000 - 0x00007ffc8b81c000 	C:\Windows\SYSTEM32\CRYPTBASE.dll
0x00007ffc87f70000 - 0x00007ffc87f86000 	C:\Windows\SYSTEM32\dhcpcsvc6.DLL
0x00007ffc87f50000 - 0x00007ffc87f6c000 	C:\Windows\SYSTEM32\dhcpcsvc.DLL
0x000000005f610000 - 0x000000005f634000 	C:\Program Files\Java\jre1.8.0_73\bin\sunec.dll
0x00007ffc7f960000 - 0x00007ffc7fb54000 	C:\Windows\SYSTEM32\dbghelp.dll

VM Arguments:
jvm_args: -agentlib:jdwp=transport=dt_socket,suspend=y,address=localhost:61047 -Dfile.encoding=UTF-8 
java_command: com.edvantis.rssreader.BootMongoDBApp
java_class_path (initial): D:\Spring-Data-MongoDB-Example\target\classes;C:\Users\viacheslav.kozlov\.m2\repository\org\springframework\boot\spring-boot-starter-data-mongodb\1.5.9.RELEASE\spring-boot-starter-data-mongodb-1.5.9.RELEASE.jar;C:\Users\viacheslav.kozlov\.m2\repository\org\springframework\boot\spring-boot-starter\1.5.9.RELEASE\spring-boot-starter-1.5.9.RELEASE.jar;C:\Users\viacheslav.kozlov\.m2\repository\org\springframework\boot\spring-boot\1.5.9.RELEASE\spring-boot-1.5.9.RELEASE.jar;C:\Users\viacheslav.kozlov\.m2\repository\org\springframework\boot\spring-boot-autoconfigure\1.5.9.RELEASE\spring-boot-autoconfigure-1.5.9.RELEASE.jar;C:\Users\viacheslav.kozlov\.m2\repository\org\springframework\boot\spring-boot-starter-logging\1.5.9.RELEASE\spring-boot-starter-logging-1.5.9.RELEASE.jar;C:\Users\viacheslav.kozlov\.m2\repository\ch\qos\logback\logback-classic\1.1.11\logback-classic-1.1.11.jar;C:\Users\viacheslav.kozlov\.m2\repository\ch\qos\logback\logback-core\1.1.11\logback-core-1.1.11.jar;C:\Users\viacheslav.kozlov\.m2\repository\org\slf4j\jul-to-slf4j\1.7.25\jul-to-slf4j-1.7.25.jar;C:\Users\viacheslav.kozlov\.m2\repository\org\slf4j\log4j-over-slf4j\1.7.25\log4j-over-slf4j-1.7.25.jar;C:\Users\viacheslav.kozlov\.m2\repository\org\yaml\snakeyaml\1.17\snakeyaml-1.17.jar;C:\Users\viacheslav.kozlov\.m2\repository\org\mongodb\mongodb-driver\3.4.3\mongodb-driver-3.4.3.jar;C:\Users\viacheslav.kozlov\.m2\repository\org\mongodb\mongodb-driver-core\3.4.3\mongodb-driver-core-3.4.3.jar;C:\Users\viacheslav.kozlov\.m2\repository\org\mongodb\bson\3.4.3\bson-3.4.3.jar;C:\Users\viacheslav.kozlov\.m2\repository\org\springframework\data\spring-data-mongodb\1.10.9.RELEASE\spring-data-mongodb-1.10.9.RELEASE.jar;C:\Users\viacheslav.kozlov\.m2\repository\org\springframework\spring-tx\4.3.13.RELEASE\spring-tx-4.3.13.RELEASE.jar;C:\Users\viacheslav.kozlov\.m2\repository\org\springframework\spring-context\4.3.13.RELEASE\spring-context-4.3.13.RELEASE.jar;C:\Users\viacheslav.kozlov
Launcher Type: SUN_STANDARD

Environment Variables:
PATH=C:/Program Files/Java/jre1.8.0_73/bin/server;C:/Program Files/Java/jre1.8.0_73/bin;C:/Program Files/Java/jre1.8.0_73/lib/amd64;C:\ProgramData\Oracle\Java\javapath;C:\Windows\system32;C:\Windows;C:\Windows\System32\Wbem;C:\Windows\System32\WindowsPowerShell\v1.0\;C:\Windows\System32\OpenSSH\;C:\Program Files\TortoiseGit\bin;C:\Program Files\Git\cmd;C:\Program Files\PuTTY\;C:\Users\viacheslav.kozlov\AppData\Local\Microsoft\WindowsApps;C:\maven\bin;C:\spring-2.1.0.BUILD-SNAPSHOT\bin;;D:\dev\eclipse;
USERNAME=viacheslav.kozlov
OS=Windows_NT
PROCESSOR_IDENTIFIER=Intel64 Family 6 Model 42 Stepping 7, GenuineIntel



---------------  S Y S T E M  ---------------

OS: Windows 10.0 , 64 bit Build 18362 (10.0.18362.86)

CPU:total 4 (2 cores per cpu, 2 threads per core) family 6 model 42 stepping 7, cmov, cx8, fxsr, mmx, sse, sse2, sse3, ssse3, sse4.1, sse4.2, popcnt, avx, clmul, ht, tsc, tscinvbit

Memory: 4k page, physical 8298808k(2315872k free), swap 21406008k(12143652k free)

vm_info: Java HotSpot(TM) 64-Bit Server VM (25.73-b02) for windows-amd64 JRE (1.8.0_73-b02), built on Jan 29 2016 17:38:49 by "java_re" with MS VC++ 10.0 (VS2010)

time: Thu Aug 15 10:21:58 2019
elapsed time: 955 seconds (0d 0h 15m 55s)

